<?xml version="1.0" encoding="UTF-8"?>
<!-- Generated by org.testng.reporters.JUnitReportReporter -->
<testsuite hostname="LIN51015519" failures="0" tests="3" name="TestRunner.TestRunner1" time="19.585" errors="0" timestamp="2022-07-19T12:12:01 IST" skipped="0">
  <testcase classname="TestRunner.TestRunner1" name="runScenario" time="8.977"/>
  <system-out/>
  <testcase classname="TestRunner.TestRunner1" name="runScenario" time="2.140"/>
  <system-out/>
  <testcase classname="TestRunner.TestRunner1" name="runScenario" time="8.468"/>
  <system-out/>
</testsuite> <!-- TestRunner.TestRunner1 -->
